# JRE version: OpenJDK Runtime Environment (11.0.11+9) (build 11.0.11+9-b60-7590822)
# Java VM: OpenJDK 64-Bit Server VM (11.0.11+9-b60-7590822, mixed mode, tiered, compressed oops, g1 gc, windows-amd64)
Heap:
 garbage-first heap   total 494592K, used 374875K [0x00000000a0000000, 0x0000000100000000)
  region size 1024K, 181 young (185344K), 11 survivors (11264K)
 Metaspace       used 100051K, capacity 104700K, committed 105000K, reserved 1140736K
  class space    used 12683K, capacity 14099K, committed 14208K, reserved 1048576K
GC Heap History (20 events):
Event: 53.408 GC heap before
{Heap before GC invocations=94 (full 0):
 garbage-first heap   total 363520K, used 326521K [0x00000000a0000000, 0x0000000100000000)
  region size 1024K, 17 young (17408K), 3 survivors (3072K)
 Metaspace       used 92567K, capacity 96795K, committed 96936K, reserved 1132544K
  class space    used 12005K, capacity 13298K, committed 13312K, reserved 1048576K
}
Event: 53.412 GC heap after
{Heap after GC invocations=95 (full 0):
 garbage-first heap   total 363520K, used 314552K [0x00000000a0000000, 0x0000000100000000)
  region size 1024K, 3 young (3072K), 3 survivors (3072K)
 Metaspace       used 92567K, capacity 96795K, committed 96936K, reserved 1132544K
  class space    used 12005K, capacity 13298K, committed 13312K, reserved 1048576K
}
Event: 53.631 GC heap before
{Heap before GC invocations=95 (full 0):
 garbage-first heap   total 363520K, used 328888K [0x00000000a0000000, 0x0000000100000000)
  region size 1024K, 17 young (17408K), 3 survivors (3072K)
 Metaspace       used 93354K, capacity 97586K, committed 97832K, reserved 1134592K
  class space    used 12093K, capacity 13379K, committed 13440K, reserved 1048576K
}
Event: 53.636 GC heap after
{Heap after GC invocations=96 (full 0):
 garbage-first heap   total 363520K, used 316021K [0x00000000a0000000, 0x0000000100000000)
  region size 1024K, 3 young (3072K), 3 survivors (3072K)
 Metaspace       used 93354K, capacity 97586K, committed 97832K, reserved 1134592K
  class space    used 12093K, capacity 13379K, committed 13440K, reserved 1048576K
}
Event: 53.792 GC heap before
{Heap before GC invocations=96 (full 0):
 garbage-first heap   total 363520K, used 330357K [0x00000000a0000000, 0x0000000100000000)
  region size 1024K, 17 young (17408K), 3 survivors (3072K)
 Metaspace       used 93661K, capacity 97915K, committed 98088K, reserved 1134592K
  class space    used 12132K, capacity 13428K, committed 13440K, reserved 1048576K
}
Event: 53.797 GC heap after
{Heap after GC invocations=97 (full 0):
 garbage-first heap   total 363520K, used 316836K [0x00000000a0000000, 0x0000000100000000)
  region size 1024K, 3 young (3072K), 3 survivors (3072K)
 Metaspace       used 93661K, capacity 97915K, committed 98088K, reserved 1134592K
  class space    used 12132K, capacity 13428K, committed 13440K, reserved 1048576K
}
Event: 54.090 GC heap before
{Heap before GC invocations=98 (full 0):
 garbage-first heap   total 363520K, used 306596K [0x00000000a0000000, 0x0000000100000000)
  region size 1024K, 18 young (18432K), 3 survivors (3072K)
 Metaspace       used 94169K, capacity 98419K, committed 98472K, reserved 1134592K
  class space    used 12209K, capacity 13533K, committed 13568K, reserved 1048576K
}
Event: 54.095 GC heap after
{Heap after GC invocations=99 (full 0):
 garbage-first heap   total 363520K, used 294117K [0x00000000a0000000, 0x0000000100000000)
  region size 1024K, 2 young (2048K), 2 survivors (2048K)
 Metaspace       used 94169K, capacity 98419K, committed 98472K, reserved 1134592K
  class space    used 12209K, capacity 13533K, committed 13568K, reserved 1048576K
}
Event: 54.214 GC heap before
{Heap before GC invocations=99 (full 0):
 garbage-first heap   total 363520K, used 302309K [0x00000000a0000000, 0x0000000100000000)
  region size 1024K, 12 young (12288K), 2 survivors (2048K)
 Metaspace       used 94174K, capacity 98419K, committed 98472K, reserved 1134592K
  class space    used 12209K, capacity 13533K, committed 13568K, reserved 1048576K
}
Event: 54.218 GC heap after
{Heap after GC invocations=100 (full 0):
 garbage-first heap   total 363520K, used 294835K [0x00000000a0000000, 0x0000000100000000)
  region size 1024K, 3 young (3072K), 3 survivors (3072K)
 Metaspace       used 94174K, capacity 98419K, committed 98472K, reserved 1134592K
  class space    used 12209K, capacity 13533K, committed 13568K, reserved 1048576K
}
Event: 54.609 GC heap before
{Heap before GC invocations=101 (full 0):
 garbage-first heap   total 479232K, used 366515K [0x00000000a0000000, 0x0000000100000000)
  region size 1024K, 22 young (22528K), 3 survivors (3072K)
 Metaspace       used 94205K, capacity 98441K, committed 98472K, reserved 1134592K
  class space    used 12213K, capacity 13540K, committed 13568K, reserved 1048576K
}
Event: 54.614 GC heap after
{Heap after GC invocations=102 (full 0):
 garbage-first heap   total 479232K, used 291791K [0x00000000a0000000, 0x0000000100000000)
  region size 1024K, 3 young (3072K), 3 survivors (3072K)
 Metaspace       used 94205K, capacity 98441K, committed 98472K, reserved 1134592K
  class space    used 12213K, capacity 13540K, committed 13568K, reserved 1048576K
}
Event: 55.039 GC heap before
{Heap before GC invocations=102 (full 0):
 garbage-first heap   total 479232K, used 355279K [0x00000000a0000000, 0x0000000100000000)
  region size 1024K, 67 young (68608K), 3 survivors (3072K)
 Metaspace       used 94614K, capacity 98873K, committed 99112K, reserved 1134592K
  class space    used 12268K, capacity 13590K, committed 13696K, reserved 1048576K
}
Event: 55.043 GC heap after
{Heap after GC invocations=103 (full 0):
 garbage-first heap   total 479232K, used 293457K [0x00000000a0000000, 0x0000000100000000)
  region size 1024K, 5 young (5120K), 5 survivors (5120K)
 Metaspace       used 94614K, capacity 98873K, committed 99112K, reserved 1134592K
  class space    used 12268K, capacity 13590K, committed 13696K, reserved 1048576K
}
Event: 55.208 GC heap before
{Heap before GC invocations=103 (full 0):
 garbage-first heap   total 488448K, used 488017K [0x00000000a0000000, 0x0000000100000000)
  region size 1024K, 8 young (8192K), 5 survivors (5120K)
 Metaspace       used 94694K, capacity 98940K, committed 99112K, reserved 1134592K
  class space    used 12279K, capacity 13591K, committed 13696K, reserved 1048576K
}
Event: 55.214 GC heap after
{Heap after GC invocations=104 (full 0):
 garbage-first heap   total 494592K, used 294120K [0x00000000a0000000, 0x0000000100000000)
  region size 1024K, 6 young (6144K), 6 survivors (6144K)
 Metaspace       used 94694K, capacity 98940K, committed 99112K, reserved 1134592K
  class space    used 12279K, capacity 13591K, committed 13696K, reserved 1048576K
}
Event: 2843.641 GC heap before
{Heap before GC invocations=105 (full 0):
 garbage-first heap   total 494592K, used 280808K [0x00000000a0000000, 0x0000000100000000)
  region size 1024K, 88 young (90112K), 6 survivors (6144K)
 Metaspace       used 98467K, capacity 102684K, committed 102824K, reserved 1138688K
  class space    used 12539K, capacity 13812K, committed 13824K, reserved 1048576K
}
Event: 2843.769 GC heap after
{Heap after GC invocations=106 (full 0):
 garbage-first heap   total 494592K, used 197993K [0x00000000a0000000, 0x0000000100000000)
  region size 1024K, 6 young (6144K), 6 survivors (6144K)
 Metaspace       used 98467K, capacity 102684K, committed 102824K, reserved 1138688K
  class space    used 12539K, capacity 13812K, committed 13824K, reserved 1048576K
}
Event: 10151.941 GC heap before
{Heap before GC invocations=106 (full 0):
 garbage-first heap   total 494592K, used 396649K [0x00000000a0000000, 0x0000000100000000)
  region size 1024K, 201 young (205824K), 6 survivors (6144K)
 Metaspace       used 98859K, capacity 103302K, committed 103464K, reserved 1138688K
  class space    used 12577K, capacity 13943K, committed 13952K, reserved 1048576K
}
Event: 10152.086 GC heap after
{Heap after GC invocations=107 (full 0):
 garbage-first heap   total 494592K, used 202843K [0x00000000a0000000, 0x0000000100000000)
  region size 1024K, 11 young (11264K), 11 survivors (11264K)
 Metaspace       used 98859K, capacity 103302K, committed 103464K, reserved 1138688K
  class space    used 12577K, capacity 13943K, committed 13952K, reserved 1048576K
}

